2019-09-05 10:40:40,453 INFO Starting Nacos v1.1.3 on DESKTOP-HKLMK6P with PID 18672 (E:\nacos-server-1.1.3\nacos\target\nacos-server.jar started by ys in E:\nacos-server-1.1.3\nacos\bin)

2019-09-05 10:40:40,458 INFO The following profiles are active: standalone

2019-09-05 10:40:45,260 INFO Bean 'org.springframework.security.config.annotation.configuration.ObjectPostProcessorConfiguration' of type [org.springframework.security.config.annotation.configuration.ObjectPostProcessorConfiguration$$EnhancerBySpringCGLIB$$a610a88f] is not eligible for getting processed by all BeanPostProcessors (for example: not eligible for auto-proxying)

2019-09-05 10:40:45,871 INFO Bean 'objectPostProcessor' of type [org.springframework.security.config.annotation.configuration.AutowireBeanFactoryObjectPostProcessor] is not eligible for getting processed by all BeanPostProcessors (for example: not eligible for auto-proxying)

2019-09-05 10:40:46,206 INFO Bean 'org.springframework.security.access.expression.method.DefaultMethodSecurityExpressionHandler@74e28667' of type [org.springframework.security.access.expression.method.DefaultMethodSecurityExpressionHandler] is not eligible for getting processed by all BeanPostProcessors (for example: not eligible for auto-proxying)

2019-09-05 10:40:46,565 INFO Bean 'org.springframework.security.config.annotation.method.configuration.GlobalMethodSecurityConfiguration' of type [org.springframework.security.config.annotation.method.configuration.GlobalMethodSecurityConfiguration$$EnhancerBySpringCGLIB$$cae54b41] is not eligible for getting processed by all BeanPostProcessors (for example: not eligible for auto-proxying)

2019-09-05 10:40:47,043 INFO Bean 'methodSecurityMetadataSource' of type [org.springframework.security.access.method.DelegatingMethodSecurityMetadataSource] is not eligible for getting processed by all BeanPostProcessors (for example: not eligible for auto-proxying)

2019-09-05 10:40:48,451 INFO Tomcat initialized with port(s): 8848 (http)

2019-09-05 10:40:48,656 INFO Starting service [Tomcat]

2019-09-05 10:40:48,657 INFO Starting Servlet Engine: Apache Tomcat/9.0.13

2019-09-05 10:40:48,682 INFO The APR based Apache Tomcat Native library which allows optimal performance in production environments was not found on the java.library.path: [E:\java\jdk\bin;C:\Windows\Sun\Java\bin;C:\Windows\system32;C:\Windows;C:\Program Files (x86)\Common Files\Oracle\Java\javapath;C:\Windows\system32;C:\Windows;C:\Windows\System32\Wbem;C:\Windows\System32\WindowsPowerShell\v1.0\;E:\java\jdk\bin;E:\maven\apache-maven-3.6.1-bin\bin;E:\mysql\mysql-5.7.26-winx64\bin;E:\Git\cmd;C:\Users\ys\AppData\Local\Programs\Microsoft VS Code\bin;.]

2019-09-05 10:40:48,849 INFO Initializing Spring embedded WebApplicationContext

2019-09-05 10:40:48,849 INFO Root WebApplicationContext: initialization completed in 8330 ms

2019-09-05 10:40:50,321 INFO Use Mysql as the driver

2019-09-05 10:40:52,674 INFO Initializing ExecutorService 'applicationTaskExecutor'

2019-09-05 10:40:53,058 INFO Adding welcome page: class path resource [static/index.html]

2019-09-05 10:40:53,825 INFO Creating filter chain: Ant [pattern='/'], []

2019-09-05 10:40:54,078 INFO Creating filter chain: Ant [pattern='/**/*.css'], []

2019-09-05 10:40:54,254 INFO Creating filter chain: Ant [pattern='/**/*.js'], []

2019-09-05 10:40:54,386 INFO Creating filter chain: Ant [pattern='/**/*.html'], []

2019-09-05 10:40:54,492 INFO Creating filter chain: Ant [pattern='/**/*.map'], []

2019-09-05 10:40:54,583 INFO Creating filter chain: Ant [pattern='/**/*.svg'], []

2019-09-05 10:40:54,696 INFO Creating filter chain: Ant [pattern='/**/*.png'], []

2019-09-05 10:40:54,792 INFO Creating filter chain: Ant [pattern='/**/*.ico'], []

2019-09-05 10:40:54,906 INFO Creating filter chain: Ant [pattern='/console-fe/public/**'], []

2019-09-05 10:40:55,126 INFO Creating filter chain: Ant [pattern='/v1/auth/login'], []

2019-09-05 10:40:55,384 INFO Creating filter chain: Ant [pattern='/v1/console/health/**'], []

2019-09-05 10:40:55,592 INFO Creating filter chain: Ant [pattern='/v1/cs/**'], []

2019-09-05 10:40:55,732 INFO Creating filter chain: Ant [pattern='/v1/ns/**'], []

2019-09-05 10:40:55,828 INFO Creating filter chain: Ant [pattern='/v1/cmdb/**'], []

2019-09-05 10:40:55,925 INFO Creating filter chain: Ant [pattern='/actuator/**'], []

2019-09-05 10:40:56,043 INFO Creating filter chain: Ant [pattern='/v1/console/server/**'], []

2019-09-05 10:40:56,289 INFO Creating filter chain: any request, [org.springframework.security.web.context.request.async.WebAsyncManagerIntegrationFilter@1a9c38eb, org.springframework.security.web.context.SecurityContextPersistenceFilter@2101b44a, org.springframework.security.web.header.HeaderWriterFilter@2a5b3fee, org.springframework.security.web.authentication.logout.LogoutFilter@35e5d0e5, com.alibaba.nacos.console.filter.JwtAuthenticationTokenFilter@319bc845, org.springframework.security.web.savedrequest.RequestCacheAwareFilter@710b18a6, org.springframework.security.web.servletapi.SecurityContextHolderAwareRequestFilter@c055c54, org.springframework.security.web.authentication.AnonymousAuthenticationFilter@4c5474f5, org.springframework.security.web.session.SessionManagementFilter@333dd51e, org.springframework.security.web.access.ExceptionTranslationFilter@4097cac, org.springframework.security.web.access.intercept.FilterSecurityInterceptor@6bb2d00b]

2019-09-05 10:40:57,936 INFO Exposing 2 endpoint(s) beneath base path '/actuator'

2019-09-05 10:40:58,337 INFO Initializing ExecutorService 'taskScheduler'

2019-09-05 10:40:58,686 INFO Tomcat started on port(s): 8848 (http) with context path '/nacos'

2019-09-05 10:40:58,851 INFO Started Nacos in 20.513 seconds (JVM running for 21.404)

2019-09-05 10:40:58,852 INFO Nacos Log files: E:\nacos-server-1.1.3\nacos/logs/

2019-09-05 10:40:58,991 INFO Nacos Conf files: E:\nacos-server-1.1.3\nacos/conf/

2019-09-05 10:40:59,091 INFO Nacos Data files: E:\nacos-server-1.1.3\nacos/data/

2019-09-05 10:40:59,259 INFO Nacos started successfully in stand alone mode.

2019-09-05 10:41:01,703 INFO Initializing Spring DispatcherServlet 'dispatcherServlet'

2019-09-05 10:41:01,703 INFO Initializing Servlet 'dispatcherServlet'

2019-09-05 10:41:01,804 INFO Completed initialization in 17 ms

2019-09-05 10:41:28,331 INFO Expired JWT token.

2019-09-05 10:41:28,363 ERROR Responding with unauthorized error. Message - Full authentication is required to access this resource

2019-09-05 10:50:51,582 INFO [capacityManagement] start correct usage

2019-09-05 10:50:51,612 INFO [capacityManagement] end correct usage, cost: 0s

2019-09-05 10:50:51,871 WARN clearConfigHistory start

2019-09-05 11:00:51,614 INFO [capacityManagement] start correct usage

2019-09-05 11:00:51,617 INFO [capacityManagement] end correct usage, cost: 0s

2019-09-05 11:00:51,887 WARN clearConfigHistory start

